2014-06-02 17:10:02,568[INFO][__init__][src.config:119)] Running using cli config file './config/webtesting.conf'
2014-06-02 17:10:02,603[DEBUG][setUpClass][src.baseTest:31)] SetupCLass for BaseTest
2014-06-02 17:10:02,603[INFO][loadKnownBugs][src.baseTest:257)] Loading Known Failures from : ./config/knownBugs.txt
2014-06-02 17:10:02,603[DEBUG][loadKnownBugs][src.baseTest:264)] [BUG <id>] | string to exception | Release number where this is expected to get fix

2014-06-02 17:10:02,603[DEBUG][loadKnownBugs][src.baseTest:264)] [BUG 12345] | Continue on assert  | Test dynamic skip

2014-06-02 17:10:02,604[DEBUG][loadKnownBugs][src.baseTest:264)] [BUG PP-1159] | Broken link at https://app-staging.crittercism.com/tos-v3.html| Planning to fix in Sprint 11

2014-06-02 17:10:02,604[DEBUG][loadKnownBugs][src.baseTest:264)] [BUG PP-1159] | Broken link at https://app-staging.crittercism.com/privacy.html| Planning to fix in Sprint 11
2014-06-02 17:10:12,266[ERROR][capture_screenshot][src.baseTest:109)] Screen shot on failure saved: ./logs//screenshots/test_todays_affected_users2014-06-02_17-10-11-1401754211s.png with URL https://app-staging.crittercism.com/developers/analytics/519d53101386202089000007
2014-06-02 17:10:12,266[DEBUG][canSkipped][src.multiple_assertions:26)] Splitting 3 [BUG <id>]   string to exception   Release number where this is expected to get fix

2014-06-02 17:10:12,266[DEBUG][canSkipped][src.multiple_assertions:26)] Splitting 3 [BUG 12345]   Continue on assert    Test dynamic skip

2014-06-02 17:10:12,266[DEBUG][canSkipped][src.multiple_assertions:26)] Splitting 3 [BUG PP-1159]   Broken link at https://app-staging.crittercism.com/tos-v3.html  Planning to fix in Sprint 11

2014-06-02 17:10:12,266[DEBUG][canSkipped][src.multiple_assertions:26)] Splitting 3 [BUG PP-1159]   Broken link at https://app-staging.crittercism.com/privacy.html  Planning to fix in Sprint 11
2014-06-02 17:10:12,958[ERROR][capture_screenshot][src.baseTest:109)] Screen shot on failure saved: ./logs//screenshots/test_todays_affected_users2014-06-02_17-10-12-1401754212s.png with URL https://app-staging.crittercism.com/developers/analytics/519d53101386202089000007
2014-06-02 17:10:12,958[DEBUG][canSkipped][src.multiple_assertions:26)] Splitting 3 [BUG <id>]   string to exception   Release number where this is expected to get fix

2014-06-02 17:10:12,958[DEBUG][canSkipped][src.multiple_assertions:26)] Splitting 3 [BUG 12345]   Continue on assert    Test dynamic skip

2014-06-02 17:10:12,958[DEBUG][canSkipped][src.multiple_assertions:26)] Splitting 3 [BUG PP-1159]   Broken link at https://app-staging.crittercism.com/tos-v3.html  Planning to fix in Sprint 11

2014-06-02 17:10:12,958[DEBUG][canSkipped][src.multiple_assertions:26)] Splitting 3 [BUG PP-1159]   Broken link at https://app-staging.crittercism.com/privacy.html  Planning to fix in Sprint 11
2014-06-02 17:10:13,614[ERROR][capture_screenshot][src.baseTest:109)] Screen shot on failure saved: ./logs//screenshots/test_todays_affected_users2014-06-02_17-10-12-1401754212s.png with URL https://app-staging.crittercism.com/developers/analytics/519d53101386202089000007
2014-06-02 17:10:13,614[DEBUG][canSkipped][src.multiple_assertions:26)] Splitting 3 [BUG <id>]   string to exception   Release number where this is expected to get fix

2014-06-02 17:10:13,614[DEBUG][canSkipped][src.multiple_assertions:26)] Splitting 3 [BUG 12345]   Continue on assert    Test dynamic skip

2014-06-02 17:10:13,614[DEBUG][canSkipped][src.multiple_assertions:26)] Splitting 3 [BUG PP-1159]   Broken link at https://app-staging.crittercism.com/tos-v3.html  Planning to fix in Sprint 11

2014-06-02 17:10:13,614[DEBUG][canSkipped][src.multiple_assertions:26)] Splitting 3 [BUG PP-1159]   Broken link at https://app-staging.crittercism.com/privacy.html  Planning to fix in Sprint 11
2014-06-02 17:10:16,113[ERROR][capture_screenshot][src.baseTest:109)] Screen shot on failure saved: ./logs//screenshots/test_todays_apploads2014-06-02_17-10-15-1401754215s.png with URL https://app-staging.crittercism.com/developers/analytics/519d53101386202089000007
2014-06-02 17:10:16,113[DEBUG][canSkipped][src.multiple_assertions:26)] Splitting 3 [BUG <id>]   string to exception   Release number where this is expected to get fix

2014-06-02 17:10:16,113[DEBUG][canSkipped][src.multiple_assertions:26)] Splitting 3 [BUG 12345]   Continue on assert    Test dynamic skip

2014-06-02 17:10:16,113[DEBUG][canSkipped][src.multiple_assertions:26)] Splitting 3 [BUG PP-1159]   Broken link at https://app-staging.crittercism.com/tos-v3.html  Planning to fix in Sprint 11

2014-06-02 17:10:16,113[DEBUG][canSkipped][src.multiple_assertions:26)] Splitting 3 [BUG PP-1159]   Broken link at https://app-staging.crittercism.com/privacy.html  Planning to fix in Sprint 11
2014-06-02 17:10:16,746[ERROR][capture_screenshot][src.baseTest:109)] Screen shot on failure saved: ./logs//screenshots/test_todays_apploads2014-06-02_17-10-16-1401754216s.png with URL https://app-staging.crittercism.com/developers/analytics/519d53101386202089000007
2014-06-02 17:10:16,746[DEBUG][canSkipped][src.multiple_assertions:26)] Splitting 3 [BUG <id>]   string to exception   Release number where this is expected to get fix

2014-06-02 17:10:16,746[DEBUG][canSkipped][src.multiple_assertions:26)] Splitting 3 [BUG 12345]   Continue on assert    Test dynamic skip

2014-06-02 17:10:16,746[DEBUG][canSkipped][src.multiple_assertions:26)] Splitting 3 [BUG PP-1159]   Broken link at https://app-staging.crittercism.com/tos-v3.html  Planning to fix in Sprint 11

2014-06-02 17:10:16,746[DEBUG][canSkipped][src.multiple_assertions:26)] Splitting 3 [BUG PP-1159]   Broken link at https://app-staging.crittercism.com/privacy.html  Planning to fix in Sprint 11
2014-06-02 17:10:17,383[ERROR][capture_screenshot][src.baseTest:109)] Screen shot on failure saved: ./logs//screenshots/test_todays_apploads2014-06-02_17-10-16-1401754216s.png with URL https://app-staging.crittercism.com/developers/analytics/519d53101386202089000007
2014-06-02 17:10:17,383[DEBUG][canSkipped][src.multiple_assertions:26)] Splitting 3 [BUG <id>]   string to exception   Release number where this is expected to get fix

2014-06-02 17:10:17,383[DEBUG][canSkipped][src.multiple_assertions:26)] Splitting 3 [BUG 12345]   Continue on assert    Test dynamic skip

2014-06-02 17:10:17,383[DEBUG][canSkipped][src.multiple_assertions:26)] Splitting 3 [BUG PP-1159]   Broken link at https://app-staging.crittercism.com/tos-v3.html  Planning to fix in Sprint 11

2014-06-02 17:10:17,383[DEBUG][canSkipped][src.multiple_assertions:26)] Splitting 3 [BUG PP-1159]   Broken link at https://app-staging.crittercism.com/privacy.html  Planning to fix in Sprint 11
2014-06-02 17:10:19,982[ERROR][capture_screenshot][src.baseTest:109)] Screen shot on failure saved: ./logs//screenshots/test_todays_apploads_crashes2014-06-02_17-10-19-1401754219s.png with URL https://app-staging.crittercism.com/developers/analytics/519d53101386202089000007
2014-06-02 17:10:19,982[DEBUG][canSkipped][src.multiple_assertions:26)] Splitting 3 [BUG <id>]   string to exception   Release number where this is expected to get fix

2014-06-02 17:10:19,982[DEBUG][canSkipped][src.multiple_assertions:26)] Splitting 3 [BUG 12345]   Continue on assert    Test dynamic skip

2014-06-02 17:10:19,982[DEBUG][canSkipped][src.multiple_assertions:26)] Splitting 3 [BUG PP-1159]   Broken link at https://app-staging.crittercism.com/tos-v3.html  Planning to fix in Sprint 11

2014-06-02 17:10:19,982[DEBUG][canSkipped][src.multiple_assertions:26)] Splitting 3 [BUG PP-1159]   Broken link at https://app-staging.crittercism.com/privacy.html  Planning to fix in Sprint 11
2014-06-02 17:10:22,424[ERROR][capture_screenshot][src.baseTest:109)] Screen shot on failure saved: ./logs//screenshots/test_todays_crashes2014-06-02_17-10-21-1401754221s.png with URL https://app-staging.crittercism.com/developers/analytics/519d53101386202089000007
2014-06-02 17:10:22,425[DEBUG][canSkipped][src.multiple_assertions:26)] Splitting 3 [BUG <id>]   string to exception   Release number where this is expected to get fix

2014-06-02 17:10:22,425[DEBUG][canSkipped][src.multiple_assertions:26)] Splitting 3 [BUG 12345]   Continue on assert    Test dynamic skip

2014-06-02 17:10:22,425[DEBUG][canSkipped][src.multiple_assertions:26)] Splitting 3 [BUG PP-1159]   Broken link at https://app-staging.crittercism.com/tos-v3.html  Planning to fix in Sprint 11

2014-06-02 17:10:22,425[DEBUG][canSkipped][src.multiple_assertions:26)] Splitting 3 [BUG PP-1159]   Broken link at https://app-staging.crittercism.com/privacy.html  Planning to fix in Sprint 11
2014-06-02 17:10:23,050[ERROR][capture_screenshot][src.baseTest:109)] Screen shot on failure saved: ./logs//screenshots/test_todays_crashes2014-06-02_17-10-22-1401754222s.png with URL https://app-staging.crittercism.com/developers/analytics/519d53101386202089000007
2014-06-02 17:10:23,050[DEBUG][canSkipped][src.multiple_assertions:26)] Splitting 3 [BUG <id>]   string to exception   Release number where this is expected to get fix

2014-06-02 17:10:23,050[DEBUG][canSkipped][src.multiple_assertions:26)] Splitting 3 [BUG 12345]   Continue on assert    Test dynamic skip

2014-06-02 17:10:23,050[DEBUG][canSkipped][src.multiple_assertions:26)] Splitting 3 [BUG PP-1159]   Broken link at https://app-staging.crittercism.com/tos-v3.html  Planning to fix in Sprint 11

2014-06-02 17:10:23,050[DEBUG][canSkipped][src.multiple_assertions:26)] Splitting 3 [BUG PP-1159]   Broken link at https://app-staging.crittercism.com/privacy.html  Planning to fix in Sprint 11
2014-06-02 17:10:23,684[ERROR][capture_screenshot][src.baseTest:109)] Screen shot on failure saved: ./logs//screenshots/test_todays_crashes2014-06-02_17-10-23-1401754223s.png with URL https://app-staging.crittercism.com/developers/analytics/519d53101386202089000007
2014-06-02 17:10:23,685[DEBUG][canSkipped][src.multiple_assertions:26)] Splitting 3 [BUG <id>]   string to exception   Release number where this is expected to get fix

2014-06-02 17:10:23,685[DEBUG][canSkipped][src.multiple_assertions:26)] Splitting 3 [BUG 12345]   Continue on assert    Test dynamic skip

2014-06-02 17:10:23,685[DEBUG][canSkipped][src.multiple_assertions:26)] Splitting 3 [BUG PP-1159]   Broken link at https://app-staging.crittercism.com/tos-v3.html  Planning to fix in Sprint 11

2014-06-02 17:10:23,685[DEBUG][canSkipped][src.multiple_assertions:26)] Splitting 3 [BUG PP-1159]   Broken link at https://app-staging.crittercism.com/privacy.html  Planning to fix in Sprint 11
2014-06-02 17:10:26,137[ERROR][capture_screenshot][src.baseTest:109)] Screen shot on failure saved: ./logs//screenshots/test_todays_dau2014-06-02_17-10-25-1401754225s.png with URL https://app-staging.crittercism.com/developers/analytics/519d53101386202089000007
2014-06-02 17:10:26,137[DEBUG][canSkipped][src.multiple_assertions:26)] Splitting 3 [BUG <id>]   string to exception   Release number where this is expected to get fix

2014-06-02 17:10:26,137[DEBUG][canSkipped][src.multiple_assertions:26)] Splitting 3 [BUG 12345]   Continue on assert    Test dynamic skip

2014-06-02 17:10:26,137[DEBUG][canSkipped][src.multiple_assertions:26)] Splitting 3 [BUG PP-1159]   Broken link at https://app-staging.crittercism.com/tos-v3.html  Planning to fix in Sprint 11

2014-06-02 17:10:26,137[DEBUG][canSkipped][src.multiple_assertions:26)] Splitting 3 [BUG PP-1159]   Broken link at https://app-staging.crittercism.com/privacy.html  Planning to fix in Sprint 11
2014-06-02 17:10:26,761[ERROR][capture_screenshot][src.baseTest:109)] Screen shot on failure saved: ./logs//screenshots/test_todays_dau2014-06-02_17-10-26-1401754226s.png with URL https://app-staging.crittercism.com/developers/analytics/519d53101386202089000007
2014-06-02 17:10:26,761[DEBUG][canSkipped][src.multiple_assertions:26)] Splitting 3 [BUG <id>]   string to exception   Release number where this is expected to get fix

2014-06-02 17:10:26,761[DEBUG][canSkipped][src.multiple_assertions:26)] Splitting 3 [BUG 12345]   Continue on assert    Test dynamic skip

2014-06-02 17:10:26,761[DEBUG][canSkipped][src.multiple_assertions:26)] Splitting 3 [BUG PP-1159]   Broken link at https://app-staging.crittercism.com/tos-v3.html  Planning to fix in Sprint 11

2014-06-02 17:10:26,761[DEBUG][canSkipped][src.multiple_assertions:26)] Splitting 3 [BUG PP-1159]   Broken link at https://app-staging.crittercism.com/privacy.html  Planning to fix in Sprint 11
2014-06-02 17:10:27,383[ERROR][capture_screenshot][src.baseTest:109)] Screen shot on failure saved: ./logs//screenshots/test_todays_dau2014-06-02_17-10-26-1401754226s.png with URL https://app-staging.crittercism.com/developers/analytics/519d53101386202089000007
2014-06-02 17:10:27,383[DEBUG][canSkipped][src.multiple_assertions:26)] Splitting 3 [BUG <id>]   string to exception   Release number where this is expected to get fix

2014-06-02 17:10:27,384[DEBUG][canSkipped][src.multiple_assertions:26)] Splitting 3 [BUG 12345]   Continue on assert    Test dynamic skip

2014-06-02 17:10:27,384[DEBUG][canSkipped][src.multiple_assertions:26)] Splitting 3 [BUG PP-1159]   Broken link at https://app-staging.crittercism.com/tos-v3.html  Planning to fix in Sprint 11

2014-06-02 17:10:27,384[DEBUG][canSkipped][src.multiple_assertions:26)] Splitting 3 [BUG PP-1159]   Broken link at https://app-staging.crittercism.com/privacy.html  Planning to fix in Sprint 11
2014-06-02 17:10:29,881[ERROR][capture_screenshot][src.baseTest:109)] Screen shot on failure saved: ./logs//screenshots/test_todays_dau_crashes2014-06-02_17-10-29-1401754229s.png with URL https://app-staging.crittercism.com/developers/analytics/519d53101386202089000007
2014-06-02 17:10:29,881[DEBUG][canSkipped][src.multiple_assertions:26)] Splitting 3 [BUG <id>]   string to exception   Release number where this is expected to get fix

2014-06-02 17:10:29,881[DEBUG][canSkipped][src.multiple_assertions:26)] Splitting 3 [BUG 12345]   Continue on assert    Test dynamic skip

2014-06-02 17:10:29,881[DEBUG][canSkipped][src.multiple_assertions:26)] Splitting 3 [BUG PP-1159]   Broken link at https://app-staging.crittercism.com/tos-v3.html  Planning to fix in Sprint 11

2014-06-02 17:10:29,881[DEBUG][canSkipped][src.multiple_assertions:26)] Splitting 3 [BUG PP-1159]   Broken link at https://app-staging.crittercism.com/privacy.html  Planning to fix in Sprint 11
2014-06-02 17:10:30,508[ERROR][capture_screenshot][src.baseTest:109)] Screen shot on failure saved: ./logs//screenshots/test_todays_dau_crashes2014-06-02_17-10-29-1401754229s.png with URL https://app-staging.crittercism.com/developers/analytics/519d53101386202089000007
2014-06-02 17:10:30,508[DEBUG][canSkipped][src.multiple_assertions:26)] Splitting 3 [BUG <id>]   string to exception   Release number where this is expected to get fix

2014-06-02 17:10:30,508[DEBUG][canSkipped][src.multiple_assertions:26)] Splitting 3 [BUG 12345]   Continue on assert    Test dynamic skip

2014-06-02 17:10:30,508[DEBUG][canSkipped][src.multiple_assertions:26)] Splitting 3 [BUG PP-1159]   Broken link at https://app-staging.crittercism.com/tos-v3.html  Planning to fix in Sprint 11

2014-06-02 17:10:30,508[DEBUG][canSkipped][src.multiple_assertions:26)] Splitting 3 [BUG PP-1159]   Broken link at https://app-staging.crittercism.com/privacy.html  Planning to fix in Sprint 11
2014-06-02 17:10:31,130[ERROR][capture_screenshot][src.baseTest:109)] Screen shot on failure saved: ./logs//screenshots/test_todays_dau_crashes2014-06-02_17-10-30-1401754230s.png with URL https://app-staging.crittercism.com/developers/analytics/519d53101386202089000007
2014-06-02 17:10:31,130[DEBUG][canSkipped][src.multiple_assertions:26)] Splitting 3 [BUG <id>]   string to exception   Release number where this is expected to get fix

2014-06-02 17:10:31,130[DEBUG][canSkipped][src.multiple_assertions:26)] Splitting 3 [BUG 12345]   Continue on assert    Test dynamic skip

2014-06-02 17:10:31,130[DEBUG][canSkipped][src.multiple_assertions:26)] Splitting 3 [BUG PP-1159]   Broken link at https://app-staging.crittercism.com/tos-v3.html  Planning to fix in Sprint 11

2014-06-02 17:10:31,130[DEBUG][canSkipped][src.multiple_assertions:26)] Splitting 3 [BUG PP-1159]   Broken link at https://app-staging.crittercism.com/privacy.html  Planning to fix in Sprint 11
2014-06-02 17:10:31,202[INFO][tearDownClass][src.baseTest:52)] BASE:tearDownClass:Called once for each class instance. Can be overridden
2014-06-02 17:10:31,202[INFO][tearDownClass][analytics:221)] Finished executing AnalyticsTestSuite
